<?xml version="1.0" encoding="UTF-8"?>
<!-- Generated by org.testng.reporters.JUnitReportReporter -->
<testsuite hostname="DESKTOP-OEJBSOD" failures="0" tests="1" name="com.educian.Testcases.ValidateLoginTestcase" time="19.782" errors="0" timestamp="2020-12-23T16:34:26 GMT+05:30" skipped="0">
  <testcase classname="com.educian.Testcases.ValidateLoginTestcase" name="login" time="19.782"/>
  <system-out/>
</testsuite> <!-- com.educian.Testcases.ValidateLoginTestcase -->
