<?xml version="1.0" encoding="UTF-8"?>
<!-- Generated by org.testng.reporters.JUnitReportReporter -->
<testsuite hostname="DESKTOP-OEJBSOD" failures="0" tests="1" name="com.educian.Testcases.ValidateLoginTestcase" time="26.289" errors="0" timestamp="2020-12-16T16:15:24 GMT+05:30" skipped="0">
  <testcase classname="com.educian.Testcases.ValidateLoginTestcase" name="login" time="26.289"/>
  <system-out/>
</testsuite> <!-- com.educian.Testcases.ValidateLoginTestcase -->
