<?xml version="1.0" encoding="UTF-8"?>
<!-- Generated by org.testng.reporters.JUnitReportReporter -->
<testsuite hostname="DESKTOP-OEJBSOD" failures="0" tests="1" name="com.educian.Testcases.ValidateLoginTestcase" time="16.492" errors="0" timestamp="2020-12-23T23:00:23 GMT+05:30" skipped="0">
  <testcase classname="com.educian.Testcases.ValidateLoginTestcase" name="login" time="16.492"/>
  <system-out/>
</testsuite> <!-- com.educian.Testcases.ValidateLoginTestcase -->
